<?xml version="1.0" encoding="UTF-8"?>
<testng-results ignored="0" total="1" passed="1" failed="0" skipped="0">
  <reporter-output>
  </reporter-output>
  <suite started-at="2024-01-24T17:26:05 IST" name="Default suite" finished-at="2024-01-24T17:26:09 IST" duration-ms="3630">
    <groups>
    </groups>
    <test started-at="2024-01-24T17:26:05 IST" name="Default test" finished-at="2024-01-24T17:26:09 IST" duration-ms="3630">
      <class name="com.artoftesting.test.BookingLoginTest">
        <test-method is-config="true" signature="suiteSetup()[pri:0, instance:com.artoftesting.test.BookingLoginTest@49964d75]" started-at="2024-01-24T17:26:02 IST" name="suiteSetup" finished-at="2024-01-24T17:26:05 IST" duration-ms="3655" status="PASS">
          <reporter-output>
          </reporter-output>
        </test-method> <!-- suiteSetup -->
        <test-method is-config="true" signature="loadBaseUrl(java.lang.reflect.Method)[pri:0, instance:com.artoftesting.test.BookingLoginTest@49964d75]" started-at="2024-01-24T17:26:05 IST" name="loadBaseUrl" finished-at="2024-01-24T17:26:06 IST" duration-ms="579" status="PASS">
          <params>
            <param index="0">
              <value>
                <![CDATA[public void com.artoftesting.test.BookingLoginTest.loginTest() throws java.lang.InterruptedException]]>
              </value>
            </param>
          </params>
          <reporter-output>
          </reporter-output>
        </test-method> <!-- loadBaseUrl -->
        <test-method signature="loginTest()[pri:0, instance:com.artoftesting.test.BookingLoginTest@49964d75]" started-at="2024-01-24T17:26:06 IST" name="loginTest" finished-at="2024-01-24T17:26:09 IST" duration-ms="2743" status="PASS">
          <reporter-output>
          </reporter-output>
        </test-method> <!-- loginTest -->
        <test-method is-config="true" signature="screenshotAndDeleteCookies(org.testng.ITestResult)[pri:0, instance:com.artoftesting.test.BookingLoginTest@49964d75]" started-at="2024-01-24T17:26:09 IST" name="screenshotAndDeleteCookies" finished-at="2024-01-24T17:26:09 IST" duration-ms="254" status="PASS">
          <params>
            <param index="0">
              <value>
                <![CDATA[[TestResult name=loginTest status=SUCCESS method=BookingLoginTest.loginTest()[pri:0, instance:com.artoftesting.test.BookingLoginTest@49964d75] output={null}]]]>
              </value>
            </param>
          </params>
          <reporter-output>
          </reporter-output>
        </test-method> <!-- screenshotAndDeleteCookies -->
        <test-method is-config="true" signature="suiteTearDown()[pri:0, instance:com.artoftesting.test.BookingLoginTest@49964d75]" started-at="2024-01-24T17:26:09 IST" name="suiteTearDown" finished-at="2024-01-24T17:26:09 IST" duration-ms="193" status="PASS">
          <reporter-output>
          </reporter-output>
        </test-method> <!-- suiteTearDown -->
      </class> <!-- com.artoftesting.test.BookingLoginTest -->
    </test> <!-- Default test -->
  </suite> <!-- Default suite -->
</testng-results>
